21:57:12.995 INFO - Launching a standalone Selenium Server
21:57:13.027 INFO - Java: Oracle Corporation 25.45-b02
21:57:13.027 INFO - OS: Mac OS X 10.10.5 x86_64
21:57:13.037 INFO - v2.47.1, with Core v2.47.1. Built from revision 411b314
21:57:13.097 INFO - Driver provider org.openqa.selenium.ie.InternetExplorerDriver registration is skipped:
registration capabilities Capabilities [{ensureCleanSession=true, browserName=internet explorer, version=, platform=WINDOWS}] does not match the current platform MAC
21:57:13.098 INFO - Driver provider org.openqa.selenium.edge.EdgeDriver registration is skipped:
registration capabilities Capabilities [{browserName=MicrosoftEdge, version=, platform=WINDOWS}] does not match the current platform MAC
21:57:13.098 INFO - Driver class not found: com.opera.core.systems.OperaDriver
21:57:13.098 INFO - Driver provider com.opera.core.systems.OperaDriver is not registered
21:57:13.185 INFO - RemoteWebDriver instances should connect to: http://127.0.0.1:4444/wd/hub
21:57:13.185 INFO - Selenium Server is up and running
21:57:13.386 INFO - Executing: [new session: Capabilities [{acceptSslCerts=true, name=Sample, browserName=chrome, javascriptEnabled=true, platform=ANY}]])
21:57:13.395 INFO - Creating a new session for Capabilities [{acceptSslCerts=true, name=Sample, browserName=chrome, javascriptEnabled=true, platform=ANY}]
Starting ChromeDriver 2.13.307650 (feffe1dd547ee7b5c16d38784cd0cd679dfd7850) on port 37664
Only local connections are allowed.
21:57:14.813 INFO - Done: [new session: Capabilities [{acceptSslCerts=true, name=Sample, browserName=chrome, javascriptEnabled=true, platform=ANY}]]
21:57:14.824 INFO - Executing: [get: http://www.walmart.com])
21:57:18.617 INFO - Done: [get: http://www.walmart.com]
21:57:18.624 INFO - Executing: [find elements: By.cssSelector: body])
21:57:18.741 INFO - Done: [find elements: By.cssSelector: body]
21:57:18.754 INFO - Executing: [find element: By.cssSelector: #search])
21:57:19.254 INFO - Done: [find element: By.cssSelector: #search]
21:57:19.258 INFO - Executing: [send keys: 1 [[ChromeDriver: chrome on MAC (088c3edc3bbc22ff391b576dd1fd41be)] -> css selector: #search], [T, V]])
21:57:19.439 INFO - Done: [send keys: 1 [[ChromeDriver: chrome on MAC (088c3edc3bbc22ff391b576dd1fd41be)] -> css selector: #search], [T, V]]
21:57:19.444 INFO - Executing: [find element: By.cssSelector: #search])
21:57:19.474 INFO - Done: [find element: By.cssSelector: #search]
21:57:19.479 INFO - Executing: [send keys: 1 [[ChromeDriver: chrome on MAC (088c3edc3bbc22ff391b576dd1fd41be)] -> css selector: #search], [T, V]])
21:57:19.569 INFO - Done: [send keys: 1 [[ChromeDriver: chrome on MAC (088c3edc3bbc22ff391b576dd1fd41be)] -> css selector: #search], [T, V]]
21:57:19.573 INFO - Executing: [find element: By.xpath: //*[@id="top"]/div[3]/div/div/div/div/div[3]/form/div/div[3]/button])
21:57:19.594 INFO - Done: [find element: By.xpath: //*[@id="top"]/div[3]/div/div/div/div/div[3]/form/div/div[3]/button]
21:57:19.599 INFO - Executing: [click: 2 [[ChromeDriver: chrome on MAC (088c3edc3bbc22ff391b576dd1fd41be)] -> xpath: //*[@id="top"]/div[3]/div/div/div/div/div[3]/form/div/div[3]/button]])
21:57:19.636 INFO - Done: [click: 2 [[ChromeDriver: chrome on MAC (088c3edc3bbc22ff391b576dd1fd41be)] -> xpath: //*[@id="top"]/div[3]/div/div/div/div/div[3]/form/div/div[3]/button]]
21:57:24.647 INFO - Executing: [find element: By.xpath: //*[@id="tile-container"]/div[1]/a/img])
21:57:25.581 WARN - Exception thrown
org.openqa.selenium.NoSuchElementException: no such element
  (Session info: chrome=46.0.2490.71)
  (Driver info: chromedriver=2.13.307650 (feffe1dd547ee7b5c16d38784cd0cd679dfd7850),platform=Mac OS X 10.10.5 x86_64) (WARNING: The server did not provide any stacktrace information)
Command duration or timeout: 258 milliseconds
For documentation on this error, please visit: http://seleniumhq.org/exceptions/no_such_element.html
Build info: version: '2.47.1', revision: '411b314', time: '2015-07-30 03:03:16'
System info: host: 'localhost', ip: '127.0.0.1', os.name: 'Mac OS X', os.arch: 'x86_64', os.version: '10.10.5', java.version: '1.8.0_45'
Driver info: org.openqa.selenium.chrome.ChromeDriver
Capabilities [{applicationCacheEnabled=false, rotatable=false, mobileEmulationEnabled=false, chrome={userDataDir=/var/folders/fj/k_344lqd1fnfm_9fvdcyvgy5t698ch/T/.org.chromium.Chromium.jmmtpC}, takesHeapSnapshot=true, databaseEnabled=false, handlesAlerts=true, version=46.0.2490.71, platform=MAC, browserConnectionEnabled=false, nativeEvents=true, acceptSslCerts=true, locationContextEnabled=true, webStorageEnabled=true, browserName=chrome, takesScreenshot=true, javascriptEnabled=true, cssSelectorsEnabled=true}]
Session ID: 088c3edc3bbc22ff391b576dd1fd41be
*** Element info: {Using=xpath, value=//*[@id="tile-container"]/div[1]/a/img}
	at sun.reflect.NativeConstructorAccessorImpl.newInstance0(Native Method)
	at sun.reflect.NativeConstructorAccessorImpl.newInstance(NativeConstructorAccessorImpl.java:62)
	at sun.reflect.DelegatingConstructorAccessorImpl.newInstance(DelegatingConstructorAccessorImpl.java:45)
	at java.lang.reflect.Constructor.newInstance(Constructor.java:422)
	at org.openqa.selenium.remote.ErrorHandler.createThrowable(ErrorHandler.java:206)
	at org.openqa.selenium.remote.ErrorHandler.throwIfResponseFailed(ErrorHandler.java:158)
	at org.openqa.selenium.remote.RemoteWebDriver.execute(RemoteWebDriver.java:595)
	at org.openqa.selenium.remote.RemoteWebDriver.findElement(RemoteWebDriver.java:348)
	at org.openqa.selenium.remote.RemoteWebDriver.findElementByXPath(RemoteWebDriver.java:445)
	at org.openqa.selenium.By$ByXPath.findElement(By.java:358)
	at org.openqa.selenium.remote.RemoteWebDriver.findElement(RemoteWebDriver.java:340)
	at sun.reflect.NativeMethodAccessorImpl.invoke0(Native Method)
	at sun.reflect.NativeMethodAccessorImpl.invoke(NativeMethodAccessorImpl.java:62)
	at sun.reflect.DelegatingMethodAccessorImpl.invoke(DelegatingMethodAccessorImpl.java:43)
	at java.lang.reflect.Method.invoke(Method.java:497)
	at org.openqa.selenium.support.events.EventFiringWebDriver$2.invoke(EventFiringWebDriver.java:102)
	at com.sun.proxy.$Proxy1.findElement(Unknown Source)
	at org.openqa.selenium.support.events.EventFiringWebDriver.findElement(EventFiringWebDriver.java:185)
	at org.openqa.selenium.remote.server.handler.FindElement.call(FindElement.java:48)
	at org.openqa.selenium.remote.server.handler.FindElement.call(FindElement.java:1)
	at java.util.concurrent.FutureTask.run(FutureTask.java:266)
	at org.openqa.selenium.remote.server.DefaultSession$1.run(DefaultSession.java:176)
	at java.util.concurrent.ThreadPoolExecutor.runWorker(ThreadPoolExecutor.java:1142)
	at java.util.concurrent.ThreadPoolExecutor$Worker.run(ThreadPoolExecutor.java:617)
	at java.lang.Thread.run(Thread.java:745)
21:57:25.589 WARN - Exception: no such element
  (Session info: chrome=46.0.2490.71)
  (Driver info: chromedriver=2.13.307650 (feffe1dd547ee7b5c16d38784cd0cd679dfd7850),platform=Mac OS X 10.10.5 x86_64) (WARNING: The server did not provide any stacktrace information)
Command duration or timeout: 258 milliseconds
For documentation on this error, please visit: http://seleniumhq.org/exceptions/no_such_element.html
Build info: version: '2.47.1', revision: '411b314', time: '2015-07-30 03:03:16'
System info: host: 'localhost', ip: '127.0.0.1', os.name: 'Mac OS X', os.arch: 'x86_64', os.version: '10.10.5', java.version: '1.8.0_45'
Driver info: org.openqa.selenium.chrome.ChromeDriver
Capabilities [{applicationCacheEnabled=false, rotatable=false, mobileEmulationEnabled=false, chrome={userDataDir=/var/folders/fj/k_344lqd1fnfm_9fvdcyvgy5t698ch/T/.org.chromium.Chromium.jmmtpC}, takesHeapSnapshot=true, databaseEnabled=false, handlesAlerts=true, version=46.0.2490.71, platform=MAC, browserConnectionEnabled=false, nativeEvents=true, acceptSslCerts=true, locationContextEnabled=true, webStorageEnabled=true, browserName=chrome, takesScreenshot=true, javascriptEnabled=true, cssSelectorsEnabled=true}]
Session ID: 088c3edc3bbc22ff391b576dd1fd41be
*** Element info: {Using=xpath, value=//*[@id="tile-container"]/div[1]/a/img}
21:57:30.701 INFO - Executing: [find element: By.cssSelector: button[id=WMItemAddToCartBtn]])
21:57:31.077 WARN - Exception thrown
org.openqa.selenium.NoSuchElementException: no such element
  (Session info: chrome=46.0.2490.71)
  (Driver info: chromedriver=2.13.307650 (feffe1dd547ee7b5c16d38784cd0cd679dfd7850),platform=Mac OS X 10.10.5 x86_64) (WARNING: The server did not provide any stacktrace information)
Command duration or timeout: 39 milliseconds
For documentation on this error, please visit: http://seleniumhq.org/exceptions/no_such_element.html
Build info: version: '2.47.1', revision: '411b314', time: '2015-07-30 03:03:16'
System info: host: 'localhost', ip: '127.0.0.1', os.name: 'Mac OS X', os.arch: 'x86_64', os.version: '10.10.5', java.version: '1.8.0_45'
Driver info: org.openqa.selenium.chrome.ChromeDriver
Capabilities [{applicationCacheEnabled=false, rotatable=false, mobileEmulationEnabled=false, chrome={userDataDir=/var/folders/fj/k_344lqd1fnfm_9fvdcyvgy5t698ch/T/.org.chromium.Chromium.jmmtpC}, takesHeapSnapshot=true, databaseEnabled=false, handlesAlerts=true, version=46.0.2490.71, platform=MAC, browserConnectionEnabled=false, nativeEvents=true, acceptSslCerts=true, locationContextEnabled=true, webStorageEnabled=true, browserName=chrome, takesScreenshot=true, javascriptEnabled=true, cssSelectorsEnabled=true}]
Session ID: 088c3edc3bbc22ff391b576dd1fd41be
*** Element info: {Using=css selector, value=button[id=WMItemAddToCartBtn]}
	at sun.reflect.NativeConstructorAccessorImpl.newInstance0(Native Method)
	at sun.reflect.NativeConstructorAccessorImpl.newInstance(NativeConstructorAccessorImpl.java:62)
	at sun.reflect.DelegatingConstructorAccessorImpl.newInstance(DelegatingConstructorAccessorImpl.java:45)
	at java.lang.reflect.Constructor.newInstance(Constructor.java:422)
	at org.openqa.selenium.remote.ErrorHandler.createThrowable(ErrorHandler.java:206)
	at org.openqa.selenium.remote.ErrorHandler.throwIfResponseFailed(ErrorHandler.java:158)
	at org.openqa.selenium.remote.RemoteWebDriver.execute(RemoteWebDriver.java:595)
	at org.openqa.selenium.remote.RemoteWebDriver.findElement(RemoteWebDriver.java:348)
	at org.openqa.selenium.remote.RemoteWebDriver.findElementByCssSelector(RemoteWebDriver.java:437)
	at org.openqa.selenium.By$ByCssSelector.findElement(By.java:427)
	at org.openqa.selenium.remote.RemoteWebDriver.findElement(RemoteWebDriver.java:340)
	at sun.reflect.NativeMethodAccessorImpl.invoke0(Native Method)
	at sun.reflect.NativeMethodAccessorImpl.invoke(NativeMethodAccessorImpl.java:62)
	at sun.reflect.DelegatingMethodAccessorImpl.invoke(DelegatingMethodAccessorImpl.java:43)
	at java.lang.reflect.Method.invoke(Method.java:497)
	at org.openqa.selenium.support.events.EventFiringWebDriver$2.invoke(EventFiringWebDriver.java:102)
	at com.sun.proxy.$Proxy1.findElement(Unknown Source)
	at org.openqa.selenium.support.events.EventFiringWebDriver.findElement(EventFiringWebDriver.java:185)
	at org.openqa.selenium.remote.server.handler.FindElement.call(FindElement.java:48)
	at org.openqa.selenium.remote.server.handler.FindElement.call(FindElement.java:1)
	at java.util.concurrent.FutureTask.run(FutureTask.java:266)
	at org.openqa.selenium.remote.server.DefaultSession$1.run(DefaultSession.java:176)
	at java.util.concurrent.ThreadPoolExecutor.runWorker(ThreadPoolExecutor.java:1142)
	at java.util.concurrent.ThreadPoolExecutor$Worker.run(ThreadPoolExecutor.java:617)
	at java.lang.Thread.run(Thread.java:745)
21:57:31.079 WARN - Exception: no such element
  (Session info: chrome=46.0.2490.71)
  (Driver info: chromedriver=2.13.307650 (feffe1dd547ee7b5c16d38784cd0cd679dfd7850),platform=Mac OS X 10.10.5 x86_64) (WARNING: The server did not provide any stacktrace information)
Command duration or timeout: 39 milliseconds
For documentation on this error, please visit: http://seleniumhq.org/exceptions/no_such_element.html
Build info: version: '2.47.1', revision: '411b314', time: '2015-07-30 03:03:16'
System info: host: 'localhost', ip: '127.0.0.1', os.name: 'Mac OS X', os.arch: 'x86_64', os.version: '10.10.5', java.version: '1.8.0_45'
Driver info: org.openqa.selenium.chrome.ChromeDriver
Capabilities [{applicationCacheEnabled=false, rotatable=false, mobileEmulationEnabled=false, chrome={userDataDir=/var/folders/fj/k_344lqd1fnfm_9fvdcyvgy5t698ch/T/.org.chromium.Chromium.jmmtpC}, takesHeapSnapshot=true, databaseEnabled=false, handlesAlerts=true, version=46.0.2490.71, platform=MAC, browserConnectionEnabled=false, nativeEvents=true, acceptSslCerts=true, locationContextEnabled=true, webStorageEnabled=true, browserName=chrome, takesScreenshot=true, javascriptEnabled=true, cssSelectorsEnabled=true}]
Session ID: 088c3edc3bbc22ff391b576dd1fd41be
*** Element info: {Using=css selector, value=button[id=WMItemAddToCartBtn]}
21:57:36.146 INFO - Executing: [get: https://www.walmart.com/checkout/#checkout/sign-in])
21:57:37.619 INFO - Done: [get: https://www.walmart.com/checkout/#checkout/sign-in]
21:57:42.628 INFO - Executing: [find element: By.cssSelector: input[id=CartExistAccntEmail]])
21:57:42.644 INFO - Done: [find element: By.cssSelector: input[id=CartExistAccntEmail]]
21:57:42.648 INFO - Executing: [send keys: 3 [[ChromeDriver: chrome on MAC (088c3edc3bbc22ff391b576dd1fd41be)] -> css selector: input[id=CartExistAccntEmail]], [m, o, b, i, l, e, t, 1, 2, 3, 4, @, g, m, a, i, l, ., c, o, m]])
21:57:42.686 INFO - Done: [send keys: 3 [[ChromeDriver: chrome on MAC (088c3edc3bbc22ff391b576dd1fd41be)] -> css selector: input[id=CartExistAccntEmail]], [m, o, b, i, l, e, t, 1, 2, 3, 4, @, g, m, a, i, l, ., c, o, m]]
21:57:42.689 INFO - Executing: [find element: By.cssSelector: input[id=CartExistAccntPswd])
21:57:42.713 INFO - Done: [find element: By.cssSelector: input[id=CartExistAccntPswd]
21:57:42.716 INFO - Executing: [send keys: 4 [[ChromeDriver: chrome on MAC (088c3edc3bbc22ff391b576dd1fd41be)] -> css selector: input[id=CartExistAccntPswd], [r, o, o, t, 1, 2, 3, 4]])
21:57:42.754 INFO - Done: [send keys: 4 [[ChromeDriver: chrome on MAC (088c3edc3bbc22ff391b576dd1fd41be)] -> css selector: input[id=CartExistAccntPswd], [r, o, o, t, 1, 2, 3, 4]]
21:57:42.758 INFO - Executing: [find element: By.cssSelector: button[id=CartExistAccntSignInBtn]])
21:57:42.770 INFO - Done: [find element: By.cssSelector: button[id=CartExistAccntSignInBtn]]
21:57:42.773 INFO - Executing: [click: 5 [[ChromeDriver: chrome on MAC (088c3edc3bbc22ff391b576dd1fd41be)] -> css selector: button[id=CartExistAccntSignInBtn]]])
21:57:42.808 INFO - Done: [click: 5 [[ChromeDriver: chrome on MAC (088c3edc3bbc22ff391b576dd1fd41be)] -> css selector: button[id=CartExistAccntSignInBtn]]]
21:57:47.819 INFO - Executing: [find element: By.xpath: //*[@id="spa-layout"]/div/div/div[1]/div/h3/span])
21:57:47.837 INFO - Done: [find element: By.xpath: //*[@id="spa-layout"]/div/div/div[1]/div/h3/span]
21:57:47.840 INFO - Executing: [get text: 6 [[ChromeDriver: chrome on MAC (088c3edc3bbc22ff391b576dd1fd41be)] -> xpath: //*[@id="spa-layout"]/div/div/div[1]/div/h3/span]])
21:57:47.858 INFO - Done: [get text: 6 [[ChromeDriver: chrome on MAC (088c3edc3bbc22ff391b576dd1fd41be)] -> xpath: //*[@id="spa-layout"]/div/div/div[1]/div/h3/span]]
21:57:47.863 INFO - Executing: [delete session: 1671b062-6fce-4492-83c1-f77f7aa868d2])
21:57:48.438 INFO - Done: [delete session: 1671b062-6fce-4492-83c1-f77f7aa868d2]
